\BOOKMARK [1][-]{Doc-Start}{\376\377\004\022\004\062\004\065\004\064\004\065\004\075\004\070\004\065}{}% 1
\BOOKMARK [1][-]{section.1}{\376\377\004\020\004\075\004\060\004\073\004\070\004\102\004\070\004\107\004\065\004\101\004\072\004\060\004\117\000\040\004\107\004\060\004\101\004\102\004\114}{}% 2
\BOOKMARK [2][-]{subsection.1.1}{\376\377\004\036\004\077\004\070\004\101\004\060\004\075\004\070\004\065\000\040\004\076\004\061\004\112\004\065\004\072\004\102\004\076\004\062\000\040\004\101\004\106\004\065\004\075\004\113}{section.1}% 3
\BOOKMARK [2][-]{subsection.1.2}{\376\377\004\022\004\113\004\061\004\076\004\100\000\040\004\104\004\076\004\100\004\074\004\113\000\040\004\067\004\060\004\064\004\060\004\075\004\070\004\117\000\040\004\102\004\100\004\121\004\105\004\074\004\065\004\100\004\075\004\113\004\105\000\040\004\074\004\076\004\064\004\065\004\073\004\065\004\071}{section.1}% 4
\BOOKMARK [2][-]{subsection.1.3}{\376\377\004\022\004\113\004\061\004\076\004\100\000\040\004\060\004\073\004\063\004\076\004\100\004\070\004\102\004\074\004\060\000\040\004\103\004\064\004\060\004\073\004\065\004\075\004\070\004\117\000\040\004\075\004\065\004\062\004\070\004\064\004\070\004\074\004\113\004\105\000\040\004\073\004\070\004\075\004\070\004\071}{section.1}% 5
\BOOKMARK [3][-]{subsubsection.1.3.1}{\376\377\004\022\004\062\004\065\004\064\004\065\004\075\004\070\004\065}{subsection.1.3}% 6
\BOOKMARK [3][-]{subsubsection.1.3.2}{\376\377\004\020\004\073\004\063\004\076\004\100\004\070\004\102\004\074\000\040\004\077\004\073\004\060\004\062\004\060\004\116\004\111\004\065\004\063\004\076\000\040\004\063\004\076\004\100\004\070\004\067\004\076\004\075\004\102\004\060}{subsection.1.3}% 7
\BOOKMARK [3][-]{subsubsection.1.3.3}{\376\377\004\020\004\073\004\063\004\076\004\100\004\070\004\102\004\074\000\040\004\040\004\076\004\061\004\065\004\100\004\102\004\101\004\060}{subsection.1.3}% 8
\BOOKMARK [3][-]{subsubsection.1.3.4}{\376\377\004\020\004\073\004\063\004\076\004\100\004\070\004\102\004\074\000\040\004\022\004\060\004\100\004\075\004\060\004\072\004\060}{subsection.1.3}% 9
\BOOKMARK [3][-]{subsubsection.1.3.5}{\376\377\004\020\004\073\004\063\004\076\004\100\004\070\004\102\004\074\000\040\004\022\004\065\004\071\004\073\004\065\004\100\004\060\000-\004\020\004\067\004\065\004\100\004\102\004\076\004\075\004\060}{subsection.1.3}% 10
\BOOKMARK [3][-]{subsubsection.1.3.6}{\376\377\004\020\004\073\004\063\004\076\004\100\004\070\004\102\004\074\000\040\004\105\004\103\004\064\004\076\004\066\004\075\004\070\004\072\004\060}{subsection.1.3}% 11
\BOOKMARK [3][-]{subsubsection.1.3.7}{\376\377\004\020\004\073\004\063\004\076\004\100\004\070\004\102\004\074\000\040\004\102\004\100\004\060\004\101\004\101\004\070\004\100\004\076\004\062\004\072\004\070\000\040\004\073\004\103\004\107\004\065\004\071}{subsection.1.3}% 12
\BOOKMARK [3][-]{subsubsection.1.3.8}{\376\377\004\020\004\073\004\063\004\076\004\100\004\070\004\102\004\074\000\040\000Z\000-\004\061\004\103\004\104\004\065\004\100\004\060}{subsection.1.3}% 13
\BOOKMARK [3][-]{subsubsection.1.3.9}{\376\377\004\034\004\065\004\102\004\076\004\064\004\113\000\040\004\077\004\076\004\101\004\102\004\100\004\076\004\107\004\075\004\076\004\063\004\076\000\040\004\101\004\072\004\060\004\075\004\070\004\100\004\076\004\062\004\060\004\075\004\070\004\117}{subsection.1.3}% 14
\BOOKMARK [4][-]{paragraph.1.3.9.1}{\376\377\004\020\004\073\004\063\004\076\004\100\004\070\004\102\004\074\000\040\004\077\004\076\004\101\004\102\004\100\004\076\004\107\004\075\004\076\004\063\004\076\000\040\000Z\000-\004\061\004\103\004\104\004\104\004\065\004\100\004\060}{subsubsection.1.3.9}% 15
\BOOKMARK [4][-]{paragraph.1.3.9.2}{\376\377\004\020\004\073\004\063\004\076\004\100\004\070\004\102\004\074\000\040\000S\000-\004\061\004\103\004\104\004\104\004\065\004\100\004\060}{subsubsection.1.3.9}% 16
\BOOKMARK [3][-]{subsubsection.1.3.10}{\376\377\004\022\004\113\004\062\004\076\004\064\004\113}{subsection.1.3}% 17
\BOOKMARK [2][-]{subsection.1.4}{\376\377\004\020\004\073\004\063\004\076\004\100\004\070\004\102\004\074\004\113\000\040\004\076\004\102\004\100\004\070\004\101\004\076\004\062\004\072\004\070\000\040\004\102\004\065\004\075\004\065\004\071}{section.1}% 18
\BOOKMARK [3][-]{subsubsection.1.4.1}{\376\377\004\022\004\062\004\065\004\064\004\065\004\075\004\070\004\065}{subsection.1.4}% 19
\BOOKMARK [3][-]{subsubsection.1.4.2}{\376\377\004\037\004\100\004\070\004\075\004\106\004\070\004\077\004\113\000\040\004\100\004\060\004\061\004\076\004\102\004\113\000\040\000Z\000-\004\061\004\103\004\104\004\065\004\100\004\060}{subsection.1.4}% 20
\BOOKMARK [3][-]{subsubsection.1.4.3}{\376\377\004\022\004\113\004\062\004\076\004\064\004\113}{subsection.1.4}% 21
\BOOKMARK [2][-]{subsection.1.5}{\376\377\004\020\004\073\004\063\004\076\004\100\004\070\004\102\004\074\004\113\000\040\004\067\004\060\004\102\004\065\004\075\004\065\004\075\004\070\004\117}{section.1}% 22
\BOOKMARK [3][-]{subsubsection.1.5.1}{\376\377\004\022\004\062\004\065\004\064\004\065\004\075\004\070\004\065}{subsection.1.5}% 23
\BOOKMARK [3][-]{subsubsection.1.5.2}{\376\377\004\027\004\060\004\102\004\065\004\075\004\065\004\075\004\070\004\065\000\040\004\077\004\076\000\040\004\023\004\103\004\100\004\076}{subsection.1.5}% 24
\BOOKMARK [3][-]{subsubsection.1.5.3}{\376\377\004\027\004\060\004\102\004\065\004\075\004\065\004\075\004\070\004\065\000\040\004\077\004\076\000\040\004\044\004\076\004\075\004\063\004\103}{subsection.1.5}% 25
\BOOKMARK [3][-]{subsubsection.1.5.4}{\376\377\004\022\004\113\004\062\004\076\004\064\004\113}{subsection.1.5}% 26
\BOOKMARK [1][-]{section.2}{\376\377\004\032\004\076\004\075\004\101\004\102\004\100\004\103\004\072\004\102\004\076\004\100\004\101\004\072\004\060\004\117\000\040\004\107\004\060\004\101\004\102\004\114}{}% 27
\BOOKMARK [2][-]{subsection.2.1}{\376\377\004\042\004\100\004\065\004\061\004\076\004\062\004\060\004\075\004\070\004\117\000\040\004\072\000\040\004\077\004\100\004\076\004\063\004\100\004\060\004\074\004\074\004\075\004\076\004\074\004\103\000\040\004\076\004\061\004\065\004\101\004\077\004\065\004\107\004\065\004\075\004\070\004\116}{section.2}% 28
\BOOKMARK [3][-]{subsubsection.2.1.1}{\376\377\004\044\004\103\004\075\004\072\004\106\004\070\004\076\004\075\004\060\004\073\004\114\004\075\004\113\004\065\000\040\004\102\004\100\004\065\004\061\004\076\004\062\004\060\004\075\004\070\004\117}{subsection.2.1}% 29
\BOOKMARK [3][-]{subsubsection.2.1.2}{\376\377\004\035\004\065\004\104\004\103\004\075\004\072\004\106\004\070\004\076\004\075\004\060\004\073\004\114\004\075\004\113\004\065\000\040\004\102\004\100\004\065\004\061\004\076\004\062\004\060\004\075\004\070\004\117}{subsection.2.1}% 30
\BOOKMARK [3][-]{subsubsection.2.1.3}{\376\377\004\036\004\066\004\070\004\064\004\060\004\065\004\074\004\113\004\065\000\040\004\100\004\065\004\067\004\103\004\073\004\114\004\102\004\060\004\102\004\113}{subsection.2.1}% 31
\BOOKMARK [2][-]{subsection.2.2}{\376\377\004\036\004\061\004\111\004\070\004\071\000\040\004\060\004\073\004\063\004\076\004\100\004\070\004\102\004\074\000\040\004\100\004\065\004\110\004\065\004\075\004\070\004\117\000\040\004\077\004\076\004\101\004\102\004\060\004\062\004\073\004\065\004\075\004\075\004\076\004\071\000\040\004\067\004\060\004\064\004\060\004\107\004\070}{section.2}% 32
\BOOKMARK [2][-]{subsection.2.3}{\376\377\004\020\004\073\004\063\004\076\004\100\004\070\004\102\004\074\000\040\000Z\000-\004\061\004\103\004\104\004\065\004\100\004\060\000\040\004\103\004\064\004\060\004\073\004\065\004\075\004\070\004\117\000\040\004\075\004\065\004\062\004\070\004\064\004\070\004\074\004\113\004\105\000\040\004\073\004\070\004\075\004\070\004\071}{section.2}% 33
\BOOKMARK [2][-]{subsection.2.4}{\376\377\004\020\004\073\004\063\004\076\004\100\004\070\004\102\004\074\000\040\000Z\000-\004\061\004\103\004\104\004\065\004\100\004\060\000\040\004\101\000\040\004\076\004\102\004\100\004\070\004\101\004\076\004\062\004\072\004\076\004\071\000\040\004\102\004\065\004\075\004\065\004\071}{section.2}% 34
\BOOKMARK [2][-]{subsection.2.5}{\376\377\004\037\004\100\004\065\004\064\004\101\004\102\004\060\004\062\004\073\004\065\004\075\004\070\004\065\000\040\004\076\004\061\004\112\004\065\004\072\004\102\004\076\004\062\000\040\004\062\000\040\004\077\004\100\004\076\004\063\004\100\004\060\004\074\004\074\004\075\004\076\004\074\000\040\004\076\004\061\004\065\004\101\004\077\004\065\004\107\004\065\004\075\004\070\004\070}{section.2}% 35
\BOOKMARK [2][-]{subsection.2.6}{\376\377\004\022\004\113\004\062\004\076\004\064\004\113}{section.2}% 36
\BOOKMARK [1][-]{subsection.2.6}{\376\377\004\041\004\077\004\070\004\101\004\076\004\072\000\040\004\070\004\101\004\077\004\076\004\073\004\114\004\067\004\076\004\062\004\060\004\075\004\075\004\113\004\105\000\040\004\070\004\101\004\102\004\076\004\107\004\075\004\070\004\072\004\076\004\062}{}% 37
